[INFO] Scanning for projects...
[INFO] 
[INFO] -------------------------< com.mbem:mbemlevel >-------------------------
[INFO] Building MbemNova 1.0.0-SNAPSHOT
[INFO]   from pom.xml
[INFO] --------------------------------[ jar ]---------------------------------
[INFO] 
[INFO] --- jacoco:0.8.12:prepare-agent (default) @ mbemlevel ---
[INFO] argLine set to -javaagent:C:\\Users\\USER\\.m2\\repository\\org\\jacoco\\org.jacoco.agent\\0.8.12\\org.jacoco.agent-0.8.12-runtime.jar=destfile=C:\\Users\\USER\\Downloads\\mbemlevel-main\\mbemlevel-main\\mbemlevel\\target\\jacoco.exec
[INFO] 
[INFO] --- spring-boot:4.0.5:build-info (default) @ mbemlevel ---
[INFO] 
[INFO] --- resources:3.3.1:resources (default-resources) @ mbemlevel ---
[INFO] Copying 5 resources from src\main\resources to target\classes
[INFO] Copying 44 resources from src\main\resources to target\classes
[INFO] 
[INFO] --- compiler:3.13.0:compile (default-compile) @ mbemlevel ---
[INFO] Recompiling the module because of changed source code.
[INFO] Compiling 504 source files with javac [debug parameters release 21] to target\classes
[INFO] /C:/Users/USER/Downloads/mbemlevel-main/mbemlevel-main/mbemlevel/src/main/java/com/mbem/mbemlevel/api/filter/JwtAuthenticationFilter.java: Some input files use or override a deprecated API.
[INFO] /C:/Users/USER/Downloads/mbemlevel-main/mbemlevel-main/mbemlevel/src/main/java/com/mbem/mbemlevel/api/filter/JwtAuthenticationFilter.java: Recompile with -Xlint:deprecation for details.
[INFO] -------------------------------------------------------------
[WARNING] COMPILATION WARNING : 
[INFO] -------------------------------------------------------------
[WARNING] /C:/Users/USER/Downloads/mbemlevel-main/mbemlevel-main/mbemlevel/src/main/java/com/mbem/mbemlevel/infrastructure/persistence/mapper/UtilisateurJpaMapper.java:[51,26] Unmapped target properties: "ville, xpTotal, streakJours, rangPlateforme, disponiblePourEmploi, lienPortfolio, lienCv, lienLinkedin, lienGithub, bio, codeParrainage, parrainId, specialite, biographie, noteGlobale, niveauAcces".
[WARNING] /C:/Users/USER/Downloads/mbemlevel-main/mbemlevel-main/mbemlevel/src/main/java/com/mbem/mbemlevel/infrastructure/persistence/mapper/UtilisateurJpaMapper.java:[61,10] Unmapped target properties: "ville, xpTotal, streakJours, rangPlateforme, disponiblePourEmploi, lienPortfolio, lienCv, lienLinkedin, lienGithub, bio, codeParrainage, parrainId, specialite, biographie, noteGlobale, niveauAcces".
[WARNING] /C:/Users/USER/Downloads/mbemlevel-main/mbemlevel-main/mbemlevel/src/main/java/com/mbem/mbemlevel/infrastructure/config/CacheConfig.java:[41,17] org.springframework.data.redis.serializer.GenericJackson2JsonRedisSerializer in org.springframework.data.redis.serializer has been deprecated and marked for removal
[INFO] 3 warnings 
[INFO] -------------------------------------------------------------
[INFO] -------------------------------------------------------------
[ERROR] COMPILATION ERROR : 
[INFO] -------------------------------------------------------------
[ERROR] /C:/Users/USER/Downloads/mbemlevel-main/mbemlevel-main/mbemlevel/src/main/java/com/mbem/mbemlevel/domain/gamification/TirageAuSort.java:[14,26] constructor TirageAuSort in class com.mbem.mbemlevel.domain.gamification.TirageAuSort cannot be applied to given types;
  required: java.util.UUID,java.time.LocalDate,java.util.UUID,int,java.lang.String,java.time.LocalDateTime,java.time.LocalDateTime
  found:    no arguments
  reason: actual and formal argument lists differ in length
[ERROR] /C:/Users/USER/Downloads/mbemlevel-main/mbemlevel-main/mbemlevel/src/main/java/com/mbem/mbemlevel/domain/certificat/Certificat.java:[26,24] constructor Certificat in class com.mbem.mbemlevel.domain.certificat.Certificat cannot be applied to given types;
  required: java.util.UUID,java.util.UUID,java.util.UUID,java.lang.String,java.lang.String,java.time.LocalDateTime,java.time.LocalDateTime,java.time.LocalDateTime
  found:    no arguments
  reason: actual and formal argument lists differ in length
[ERROR] /C:/Users/USER/Downloads/mbemlevel-main/mbemlevel-main/mbemlevel/src/main/java/com/mbem/mbemlevel/domain/communaute/MessageCommunaute.java:[20,31] constructor MessageCommunaute in class com.mbem.mbemlevel.domain.communaute.MessageCommunaute cannot be applied to given types;
  required: java.util.UUID,java.util.UUID,java.util.UUID,java.util.UUID,java.lang.String,boolean,boolean,boolean,int,java.time.LocalDateTime,java.time.LocalDateTime
  found:    no arguments
  reason: actual and formal argument lists differ in length
[ERROR] /C:/Users/USER/Downloads/mbemlevel-main/mbemlevel-main/mbemlevel/src/main/java/com/mbem/mbemlevel/domain/notification/Notification.java:[25,26] constructor Notification in class com.mbem.mbemlevel.domain.notification.Notification cannot be applied to given types;
  required: java.util.UUID,java.util.UUID,com.mbem.mbemlevel.domain.shared.enums.TypeNotification,com.mbem.mbemlevel.domain.shared.enums.CanalNotification,java.lang.String,java.lang.String,boolean,java.time.LocalDateTime,java.lang.String,java.time.LocalDateTime,java.time.LocalDateTime
  found:    no arguments
  reason: actual and formal argument lists differ in length
[ERROR] /C:/Users/USER/Downloads/mbemlevel-main/mbemlevel-main/mbemlevel/src/main/java/com/mbem/mbemlevel/application/usecase/communaute/SignalerMessageUseCase.java:[34,42] cannot find symbol
  symbol:   method getNbSignalements()
  location: variable message of type com.mbem.mbemlevel.infrastructure.persistence.entity.MessageCommunauteJpaEntity
[ERROR] /C:/Users/USER/Downloads/mbemlevel-main/mbemlevel-main/mbemlevel/src/main/java/com/mbem/mbemlevel/application/usecase/communaute/SignalerMessageUseCase.java:[37,20] cannot find symbol
  symbol:   method getNbSignalements()
  location: variable message of type com.mbem.mbemlevel.infrastructure.persistence.entity.MessageCommunauteJpaEntity
[ERROR] /C:/Users/USER/Downloads/mbemlevel-main/mbemlevel-main/mbemlevel/src/main/java/com/mbem/mbemlevel/application/usecase/communaute/SignalerMessageUseCase.java:[37,75] cannot find symbol
  symbol:   method isEstMasque()
  location: variable message of type com.mbem.mbemlevel.infrastructure.persistence.entity.MessageCommunauteJpaEntity
[ERROR] /C:/Users/USER/Downloads/mbemlevel-main/mbemlevel-main/mbemlevel/src/main/java/com/mbem/mbemlevel/application/usecase/communaute/SignalerMessageUseCase.java:[38,20] cannot find symbol
  symbol:   method setEstMasque(boolean)
  location: variable message of type com.mbem.mbemlevel.infrastructure.persistence.entity.MessageCommunauteJpaEntity
[ERROR] /C:/Users/USER/Downloads/mbemlevel-main/mbemlevel-main/mbemlevel/src/main/java/com/mbem/mbemlevel/application/usecase/communaute/SignalerMessageUseCase.java:[39,87] cannot find symbol
  symbol:   method getNbSignalements()
  location: variable message of type com.mbem.mbemlevel.infrastructure.persistence.entity.MessageCommunauteJpaEntity
[ERROR] /C:/Users/USER/Downloads/mbemlevel-main/mbemlevel-main/mbemlevel/src/main/java/com/mbem/mbemlevel/application/usecase/communaute/SignalerMessageUseCase.java:[41,35] cannot find symbol
  symbol:   method getNbSignalements()
  location: variable message of type com.mbem.mbemlevel.infrastructure.persistence.entity.MessageCommunauteJpaEntity
[ERROR] /C:/Users/USER/Downloads/mbemlevel-main/mbemlevel-main/mbemlevel/src/main/java/com/mbem/mbemlevel/domain/user/Apprenant.java:[30,9] no suitable constructor found for Utilisateur(java.util.UUID,java.lang.String,java.lang.String,java.lang.String,java.lang.String,com.mbem.mbemlevel.domain.shared.enums.Role,com.mbem.mbemlevel.domain.shared.enums.StatutApprenant,int,java.time.LocalDateTime,java.time.LocalDateTime,boolean,java.lang.String,java.lang.String,java.time.LocalDateTime,java.time.LocalDateTime)
    constructor com.mbem.mbemlevel.domain.user.Utilisateur.Utilisateur(java.util.UUID,java.lang.String,java.lang.String,java.lang.String,java.lang.String,com.mbem.mbemlevel.domain.shared.enums.Role,com.mbem.mbemlevel.domain.shared.enums.StatutApprenant,int,java.time.LocalDateTime,java.time.LocalDateTime,boolean,java.lang.String,java.time.LocalDateTime,java.lang.String,java.time.LocalDateTime,java.time.LocalDateTime) is not applicable
      (actual and formal argument lists differ in length)
    constructor com.mbem.mbemlevel.domain.user.Utilisateur.Utilisateur(java.lang.String) is not applicable
      (actual and formal argument lists differ in length)
[ERROR] /C:/Users/USER/Downloads/mbemlevel-main/mbemlevel-main/mbemlevel/src/main/java/com/mbem/mbemlevel/domain/user/Formateur.java:[28,9] no suitable constructor found for Utilisateur(java.util.UUID,java.lang.String,java.lang.String,java.lang.String,java.lang.String,com.mbem.mbemlevel.domain.shared.enums.Role,com.mbem.mbemlevel.domain.shared.enums.StatutApprenant,int,java.time.LocalDateTime,java.time.LocalDateTime,boolean,java.lang.String,java.lang.String,java.time.LocalDateTime,java.time.LocalDateTime)
    constructor com.mbem.mbemlevel.domain.user.Utilisateur.Utilisateur(java.util.UUID,java.lang.String,java.lang.String,java.lang.String,java.lang.String,com.mbem.mbemlevel.domain.shared.enums.Role,com.mbem.mbemlevel.domain.shared.enums.StatutApprenant,int,java.time.LocalDateTime,java.time.LocalDateTime,boolean,java.lang.String,java.time.LocalDateTime,java.lang.String,java.time.LocalDateTime,java.time.LocalDateTime) is not applicable
      (actual and formal argument lists differ in length)
    constructor com.mbem.mbemlevel.domain.user.Utilisateur.Utilisateur(java.lang.String) is not applicable
      (actual and formal argument lists differ in length)
[ERROR] /C:/Users/USER/Downloads/mbemlevel-main/mbemlevel-main/mbemlevel/src/main/java/com/mbem/mbemlevel/domain/gamification/Parrainage.java:[18,24] constructor Parrainage in class com.mbem.mbemlevel.domain.gamification.Parrainage cannot be applied to given types;
  required: java.util.UUID,java.util.UUID,java.util.UUID,java.lang.String,java.lang.String,boolean,java.time.LocalDateTime,java.time.LocalDateTime
  found:    no arguments
  reason: actual and formal argument lists differ in length
[ERROR] /C:/Users/USER/Downloads/mbemlevel-main/mbemlevel-main/mbemlevel/src/main/java/com/mbem/mbemlevel/domain/communaute/Signalement.java:[14,25] constructor Signalement in class com.mbem.mbemlevel.domain.communaute.Signalement cannot be applied to given types;
  required: java.util.UUID,java.util.UUID,java.util.UUID,java.lang.String,java.lang.String,java.util.UUID,java.time.LocalDateTime,java.time.LocalDateTime
  found:    no arguments
  reason: actual and formal argument lists differ in length
[ERROR] /C:/Users/USER/Downloads/mbemlevel-main/mbemlevel-main/mbemlevel/src/main/java/com/mbem/mbemlevel/domain/user/Admin.java:[24,9] no suitable constructor found for Utilisateur(java.util.UUID,java.lang.String,java.lang.String,java.lang.String,java.lang.String,com.mbem.mbemlevel.domain.shared.enums.Role,com.mbem.mbemlevel.domain.shared.enums.StatutApprenant,int,java.time.LocalDateTime,java.time.LocalDateTime,boolean,java.lang.String,java.lang.String,java.time.LocalDateTime,java.time.LocalDateTime)
    constructor com.mbem.mbemlevel.domain.user.Utilisateur.Utilisateur(java.util.UUID,java.lang.String,java.lang.String,java.lang.String,java.lang.String,com.mbem.mbemlevel.domain.shared.enums.Role,com.mbem.mbemlevel.domain.shared.enums.StatutApprenant,int,java.time.LocalDateTime,java.time.LocalDateTime,boolean,java.lang.String,java.time.LocalDateTime,java.lang.String,java.time.LocalDateTime,java.time.LocalDateTime) is not applicable
      (actual and formal argument lists differ in length)
    constructor com.mbem.mbemlevel.domain.user.Utilisateur.Utilisateur(java.lang.String) is not applicable
      (actual and formal argument lists differ in length)
[ERROR] /C:/Users/USER/Downloads/mbemlevel-main/mbemlevel-main/mbemlevel/src/main/java/com/mbem/mbemlevel/infrastructure/notification/EmailNotificationAdapter.java:[17,8] com.mbem.mbemlevel.infrastructure.notification.EmailNotificationAdapter is not abstract and does not override abstract method envoyerVerificationEmail(java.lang.String,java.lang.String,java.lang.String) in com.mbem.mbemlevel.application.port.out.EmailPort
[ERROR] /C:/Users/USER/Downloads/mbemlevel-main/mbemlevel-main/mbemlevel/src/main/java/com/mbem/mbemlevel/infrastructure/scheduler/SeuilNonConvertiScheduler.java:[41,37] cannot find symbol
  symbol:   method envoyer(java.lang.String,java.lang.String)
  location: variable whatsAppPort of type com.mbem.mbemlevel.application.port.out.WhatsAppPort
[INFO] 17 errors 
[INFO] -------------------------------------------------------------
[INFO] ------------------------------------------------------------------------
[INFO] BUILD FAILURE
[INFO] ------------------------------------------------------------------------
[INFO] Total time:  54.224 s
[INFO] Finished at: 2026-06-23T23:11:02+01:00
[INFO] ------------------------------------------------------------------------
[ERROR] Failed to execute goal org.apache.maven.plugins:maven-compiler-plugin:3.13.0:compile (default-compile) on project mbemlevel: Compilation failure: Compilation failure: 
[ERROR] /C:/Users/USER/Downloads/mbemlevel-main/mbemlevel-main/mbemlevel/src/main/java/com/mbem/mbemlevel/domain/gamification/TirageAuSort.java:[14,26] constructor TirageAuSort in class com.mbem.mbemlevel.domain.gamification.TirageAuSort cannot be applied to given types;
[ERROR]   required: java.util.UUID,java.time.LocalDate,java.util.UUID,int,java.lang.String,java.time.LocalDateTime,java.time.LocalDateTime
[ERROR]   found:    no arguments
[ERROR]   reason: actual and formal argument lists differ in length
[ERROR] /C:/Users/USER/Downloads/mbemlevel-main/mbemlevel-main/mbemlevel/src/main/java/com/mbem/mbemlevel/domain/certificat/Certificat.java:[26,24] constructor Certificat in class com.mbem.mbemlevel.domain.certificat.Certificat cannot be applied to given types;
[ERROR]   required: java.util.UUID,java.util.UUID,java.util.UUID,java.lang.String,java.lang.String,java.time.LocalDateTime,java.time.LocalDateTime,java.time.LocalDateTime
[ERROR]   found:    no arguments
[ERROR]   reason: actual and formal argument lists differ in length
[ERROR] /C:/Users/USER/Downloads/mbemlevel-main/mbemlevel-main/mbemlevel/src/main/java/com/mbem/mbemlevel/domain/communaute/MessageCommunaute.java:[20,31] constructor MessageCommunaute in class com.mbem.mbemlevel.domain.communaute.MessageCommunaute cannot be applied to given types;
[ERROR]   required: java.util.UUID,java.util.UUID,java.util.UUID,java.util.UUID,java.lang.String,boolean,boolean,boolean,int,java.time.LocalDateTime,java.time.LocalDateTime
[ERROR]   found:    no arguments
[ERROR]   reason: actual and formal argument lists differ in length
[ERROR] /C:/Users/USER/Downloads/mbemlevel-main/mbemlevel-main/mbemlevel/src/main/java/com/mbem/mbemlevel/domain/notification/Notification.java:[25,26] constructor Notification in class com.mbem.mbemlevel.domain.notification.Notification cannot be applied to given types;
[ERROR]   required: java.util.UUID,java.util.UUID,com.mbem.mbemlevel.domain.shared.enums.TypeNotification,com.mbem.mbemlevel.domain.shared.enums.CanalNotification,java.lang.String,java.lang.String,boolean,java.time.LocalDateTime,java.lang.String,java.time.LocalDateTime,java.time.LocalDateTime
[ERROR]   found:    no arguments
[ERROR]   reason: actual and formal argument lists differ in length
[ERROR] /C:/Users/USER/Downloads/mbemlevel-main/mbemlevel-main/mbemlevel/src/main/java/com/mbem/mbemlevel/application/usecase/communaute/SignalerMessageUseCase.java:[34,42] cannot find symbol
[ERROR]   symbol:   method getNbSignalements()
[ERROR]   location: variable message of type com.mbem.mbemlevel.infrastructure.persistence.entity.MessageCommunauteJpaEntity
[ERROR] /C:/Users/USER/Downloads/mbemlevel-main/mbemlevel-main/mbemlevel/src/main/java/com/mbem/mbemlevel/application/usecase/communaute/SignalerMessageUseCase.java:[37,20] cannot find symbol
[ERROR]   symbol:   method getNbSignalements()
[ERROR]   location: variable message of type com.mbem.mbemlevel.infrastructure.persistence.entity.MessageCommunauteJpaEntity
[ERROR] /C:/Users/USER/Downloads/mbemlevel-main/mbemlevel-main/mbemlevel/src/main/java/com/mbem/mbemlevel/application/usecase/communaute/SignalerMessageUseCase.java:[37,75] cannot find symbol
[ERROR]   symbol:   method isEstMasque()
[ERROR]   location: variable message of type com.mbem.mbemlevel.infrastructure.persistence.entity.MessageCommunauteJpaEntity
[ERROR] /C:/Users/USER/Downloads/mbemlevel-main/mbemlevel-main/mbemlevel/src/main/java/com/mbem/mbemlevel/application/usecase/communaute/SignalerMessageUseCase.java:[38,20] cannot find symbol
[ERROR]   symbol:   method setEstMasque(boolean)
[ERROR]   location: variable message of type com.mbem.mbemlevel.infrastructure.persistence.entity.MessageCommunauteJpaEntity
[ERROR] /C:/Users/USER/Downloads/mbemlevel-main/mbemlevel-main/mbemlevel/src/main/java/com/mbem/mbemlevel/application/usecase/communaute/SignalerMessageUseCase.java:[39,87] cannot find symbol
[ERROR]   symbol:   method getNbSignalements()
[ERROR]   location: variable message of type com.mbem.mbemlevel.infrastructure.persistence.entity.MessageCommunauteJpaEntity
[ERROR] /C:/Users/USER/Downloads/mbemlevel-main/mbemlevel-main/mbemlevel/src/main/java/com/mbem/mbemlevel/application/usecase/communaute/SignalerMessageUseCase.java:[41,35] cannot find symbol
[ERROR]   symbol:   method getNbSignalements()
[ERROR]   location: variable message of type com.mbem.mbemlevel.infrastructure.persistence.entity.MessageCommunauteJpaEntity
[ERROR] /C:/Users/USER/Downloads/mbemlevel-main/mbemlevel-main/mbemlevel/src/main/java/com/mbem/mbemlevel/domain/user/Apprenant.java:[30,9] no suitable constructor found for Utilisateur(java.util.UUID,java.lang.String,java.lang.String,java.lang.String,java.lang.String,com.mbem.mbemlevel.domain.shared.enums.Role,com.mbem.mbemlevel.domain.shared.enums.StatutApprenant,int,java.time.LocalDateTime,java.time.LocalDateTime,boolean,java.lang.String,java.lang.String,java.time.LocalDateTime,java.time.LocalDateTime)
[ERROR]     constructor com.mbem.mbemlevel.domain.user.Utilisateur.Utilisateur(java.util.UUID,java.lang.String,java.lang.String,java.lang.String,java.lang.String,com.mbem.mbemlevel.domain.shared.enums.Role,com.mbem.mbemlevel.domain.shared.enums.StatutApprenant,int,java.time.LocalDateTime,java.time.LocalDateTime,boolean,java.lang.String,java.time.LocalDateTime,java.lang.String,java.time.LocalDateTime,java.time.LocalDateTime) is not applicable
[ERROR]       (actual and formal argument lists differ in length)
[ERROR]     constructor com.mbem.mbemlevel.domain.user.Utilisateur.Utilisateur(java.lang.String) is not applicable
[ERROR]       (actual and formal argument lists differ in length)
[ERROR] /C:/Users/USER/Downloads/mbemlevel-main/mbemlevel-main/mbemlevel/src/main/java/com/mbem/mbemlevel/domain/user/Formateur.java:[28,9] no suitable constructor found for Utilisateur(java.util.UUID,java.lang.String,java.lang.String,java.lang.String,java.lang.String,com.mbem.mbemlevel.domain.shared.enums.Role,com.mbem.mbemlevel.domain.shared.enums.StatutApprenant,int,java.time.LocalDateTime,java.time.LocalDateTime,boolean,java.lang.String,java.lang.String,java.time.LocalDateTime,java.time.LocalDateTime)
[ERROR]     constructor com.mbem.mbemlevel.domain.user.Utilisateur.Utilisateur(java.util.UUID,java.lang.String,java.lang.String,java.lang.String,java.lang.String,com.mbem.mbemlevel.domain.shared.enums.Role,com.mbem.mbemlevel.domain.shared.enums.StatutApprenant,int,java.time.LocalDateTime,java.time.LocalDateTime,boolean,java.lang.String,java.time.LocalDateTime,java.lang.String,java.time.LocalDateTime,java.time.LocalDateTime) is not applicable
[ERROR]       (actual and formal argument lists differ in length)
[ERROR]     constructor com.mbem.mbemlevel.domain.user.Utilisateur.Utilisateur(java.lang.String) is not applicable
[ERROR]       (actual and formal argument lists differ in length)
[ERROR] /C:/Users/USER/Downloads/mbemlevel-main/mbemlevel-main/mbemlevel/src/main/java/com/mbem/mbemlevel/domain/gamification/Parrainage.java:[18,24] constructor Parrainage in class com.mbem.mbemlevel.domain.gamification.Parrainage cannot be applied to given types;
[ERROR]   required: java.util.UUID,java.util.UUID,java.util.UUID,java.lang.String,java.lang.String,boolean,java.time.LocalDateTime,java.time.LocalDateTime
[ERROR]   found:    no arguments
[ERROR]   reason: actual and formal argument lists differ in length
[ERROR] /C:/Users/USER/Downloads/mbemlevel-main/mbemlevel-main/mbemlevel/src/main/java/com/mbem/mbemlevel/domain/communaute/Signalement.java:[14,25] constructor Signalement in class com.mbem.mbemlevel.domain.communaute.Signalement cannot be applied to given types;
[ERROR]   required: java.util.UUID,java.util.UUID,java.util.UUID,java.lang.String,java.lang.String,java.util.UUID,java.time.LocalDateTime,java.time.LocalDateTime
[ERROR]   found:    no arguments
[ERROR]   reason: actual and formal argument lists differ in length
[ERROR] /C:/Users/USER/Downloads/mbemlevel-main/mbemlevel-main/mbemlevel/src/main/java/com/mbem/mbemlevel/domain/user/Admin.java:[24,9] no suitable constructor found for Utilisateur(java.util.UUID,java.lang.String,java.lang.String,java.lang.String,java.lang.String,com.mbem.mbemlevel.domain.shared.enums.Role,com.mbem.mbemlevel.domain.shared.enums.StatutApprenant,int,java.time.LocalDateTime,java.time.LocalDateTime,boolean,java.lang.String,java.lang.String,java.time.LocalDateTime,java.time.LocalDateTime)
[ERROR]     constructor com.mbem.mbemlevel.domain.user.Utilisateur.Utilisateur(java.util.UUID,java.lang.String,java.lang.String,java.lang.String,java.lang.String,com.mbem.mbemlevel.domain.shared.enums.Role,com.mbem.mbemlevel.domain.shared.enums.StatutApprenant,int,java.time.LocalDateTime,java.time.LocalDateTime,boolean,java.lang.String,java.time.LocalDateTime,java.lang.String,java.time.LocalDateTime,java.time.LocalDateTime) is not applicable
[ERROR]       (actual and formal argument lists differ in length)
[ERROR]     constructor com.mbem.mbemlevel.domain.user.Utilisateur.Utilisateur(java.lang.String) is not applicable
[ERROR]       (actual and formal argument lists differ in length)
[ERROR] /C:/Users/USER/Downloads/mbemlevel-main/mbemlevel-main/mbemlevel/src/main/java/com/mbem/mbemlevel/infrastructure/notification/EmailNotificationAdapter.java:[17,8] com.mbem.mbemlevel.infrastructure.notification.EmailNotificationAdapter is not abstract and does not override abstract method envoyerVerificationEmail(java.lang.String,java.lang.String,java.lang.String) in com.mbem.mbemlevel.application.port.out.EmailPort
[ERROR] /C:/Users/USER/Downloads/mbemlevel-main/mbemlevel-main/mbemlevel/src/main/java/com/mbem/mbemlevel/infrastructure/scheduler/SeuilNonConvertiScheduler.java:[41,37] cannot find symbol
[ERROR]   symbol:   method envoyer(java.lang.String,java.lang.String)
[ERROR]   location: variable whatsAppPort of type com.mbem.mbemlevel.application.port.out.WhatsAppPort
[ERROR] -> [Help 1]
[ERROR] 
[ERROR] To see the full stack trace of the errors, re-run Maven with the -e switch.
[ERROR] Re-run Maven using the -X switch to enable full debug logging.
[ERROR] 
[ERROR] For more information about the errors and possible solutions, please read the following articles:
[ERROR] [Help 1] http://cwiki.apache.org/confluence/display/MAVEN/MojoFailureException
